2018-09-02 23:11:55 [Worker-26] INFO  jul - HibernatePlugin Started
2018-09-02 23:52:09 [Worker-32] INFO  jul - XNIO version 3.3.4.Final
2018-09-02 23:52:09 [Worker-57] INFO  jul - XNIO NIO Implementation Version 3.3.4.Final
2018-09-02 23:52:10 [Worker-57] INFO  jul - JBoss Remoting version 4.0.18.Final
2018-09-04 15:44:13 [Worker-30] INFO  jul - HibernatePlugin Started
2018-09-09 10:55:56 [Worker-55] INFO  jul - XNIO version 3.3.4.Final
2018-09-09 10:55:57 [Worker-55] INFO  jul - XNIO NIO Implementation Version 3.3.4.Final
2018-09-09 10:55:58 [Worker-55] INFO  jul - JBoss Remoting version 4.0.18.Final
2018-09-11 10:01:12 [Worker-31] INFO  jul - XNIO version 3.3.4.Final
2018-09-11 10:01:12 [Worker-31] INFO  jul - XNIO NIO Implementation Version 3.3.4.Final
2018-09-11 10:01:13 [Worker-34] INFO  jul - JBoss Remoting version 4.0.18.Final
2018-09-12 20:45:18 [Worker-67] INFO  jul - I/O exception (java.net.SocketException) caught when connecting to {}->http://dist.springsource.com:80: Network is unreachable: connect
2018-09-12 20:45:18 [Worker-67] INFO  jul - Retrying connect to {}->http://dist.springsource.com:80
2018-09-12 20:45:18 [Worker-66] INFO  jul - I/O exception (java.net.SocketException) caught when connecting to {s}->https://spring.io:443: Network is unreachable: connect
2018-09-12 20:45:18 [Worker-66] INFO  jul - Retrying connect to {s}->https://spring.io:443
2018-09-12 20:45:18 [Worker-67] INFO  jul - I/O exception (java.net.SocketException) caught when connecting to {}->http://dist.springsource.com:80: Network is unreachable: connect
2018-09-12 20:45:18 [Worker-67] INFO  jul - Retrying connect to {}->http://dist.springsource.com:80
2018-09-12 20:45:18 [Worker-66] INFO  jul - I/O exception (java.net.SocketException) caught when connecting to {s}->https://spring.io:443: Network is unreachable: connect
2018-09-12 20:45:18 [Worker-66] INFO  jul - Retrying connect to {s}->https://spring.io:443
2018-09-12 20:45:18 [Worker-67] INFO  jul - I/O exception (java.net.SocketException) caught when connecting to {}->http://dist.springsource.com:80: Network is unreachable: connect
2018-09-12 20:45:18 [Worker-67] INFO  jul - Retrying connect to {}->http://dist.springsource.com:80
2018-09-12 20:45:18 [Worker-66] INFO  jul - I/O exception (java.net.SocketException) caught when connecting to {s}->https://spring.io:443: Network is unreachable: connect
2018-09-12 20:45:18 [Worker-66] INFO  jul - Retrying connect to {s}->https://spring.io:443
2018-09-12 20:45:18 [Worker-52] INFO  jul - I/O exception (java.net.SocketException) caught when connecting to {}->http://dist.springsource.com:80: Network is unreachable: connect
2018-09-12 20:45:18 [Worker-52] INFO  jul - Retrying connect to {}->http://dist.springsource.com:80
2018-09-12 20:45:18 [Worker-52] INFO  jul - I/O exception (java.net.SocketException) caught when connecting to {}->http://dist.springsource.com:80: Network is unreachable: connect
2018-09-12 20:45:18 [Worker-52] INFO  jul - Retrying connect to {}->http://dist.springsource.com:80
2018-09-12 20:45:18 [Worker-52] INFO  jul - I/O exception (java.net.SocketException) caught when connecting to {}->http://dist.springsource.com:80: Network is unreachable: connect
2018-09-12 20:45:18 [Worker-62] INFO  jul - I/O exception (java.net.SocketException) caught when connecting to {s}->https://spring.io:443: Network is unreachable: connect
2018-09-12 20:45:18 [Worker-52] INFO  jul - Retrying connect to {}->http://dist.springsource.com:80
2018-09-12 20:45:18 [Worker-62] INFO  jul - Retrying connect to {s}->https://spring.io:443
2018-09-12 20:45:18 [Worker-62] INFO  jul - I/O exception (java.net.SocketException) caught when connecting to {s}->https://spring.io:443: Network is unreachable: connect
2018-09-12 20:45:18 [Worker-62] INFO  jul - Retrying connect to {s}->https://spring.io:443
2018-09-12 20:45:18 [Worker-62] INFO  jul - I/O exception (java.net.SocketException) caught when connecting to {s}->https://spring.io:443: Network is unreachable: connect
2018-09-12 20:45:18 [Worker-62] INFO  jul - Retrying connect to {s}->https://spring.io:443
2018-09-12 21:18:23 [Worker-110] INFO  jul - XNIO version 3.3.4.Final
2018-09-12 21:18:23 [Worker-110] INFO  jul - XNIO NIO Implementation Version 3.3.4.Final
2018-09-12 21:18:24 [Worker-110] INFO  jul - JBoss Remoting version 4.0.18.Final
2018-09-19 10:29:30 [Worker-370] INFO  jul - XNIO version 3.3.4.Final
2018-09-19 10:29:30 [Worker-368] INFO  jul - XNIO NIO Implementation Version 3.3.4.Final
2018-09-19 10:29:31 [Worker-370] INFO  jul - JBoss Remoting version 4.0.18.Final
2018-09-19 19:53:52 [Worker-4587] INFO  jul - I/O exception (java.net.SocketException) caught when connecting to {}->http://dist.springsource.com:80: Network is unreachable: connect
2018-09-19 19:53:52 [Worker-4588] INFO  jul - I/O exception (java.net.SocketException) caught when connecting to {s}->https://spring.io:443: Network is unreachable: connect
2018-09-19 19:53:52 [Worker-4587] INFO  jul - Retrying connect to {}->http://dist.springsource.com:80
2018-09-19 19:53:52 [Worker-4588] INFO  jul - Retrying connect to {s}->https://spring.io:443
2018-09-19 19:53:52 [Worker-4587] INFO  jul - I/O exception (java.net.SocketException) caught when connecting to {}->http://dist.springsource.com:80: Network is unreachable: connect
2018-09-19 19:53:52 [Worker-4588] INFO  jul - I/O exception (java.net.SocketException) caught when connecting to {s}->https://spring.io:443: Network is unreachable: connect
2018-09-19 19:53:52 [Worker-4587] INFO  jul - Retrying connect to {}->http://dist.springsource.com:80
2018-09-19 19:53:52 [Worker-4588] INFO  jul - Retrying connect to {s}->https://spring.io:443
2018-09-19 19:53:52 [Worker-4588] INFO  jul - I/O exception (java.net.SocketException) caught when connecting to {s}->https://spring.io:443: Network is unreachable: connect
2018-09-19 19:53:52 [Worker-4587] INFO  jul - I/O exception (java.net.SocketException) caught when connecting to {}->http://dist.springsource.com:80: Network is unreachable: connect
2018-09-19 19:53:52 [Worker-4588] INFO  jul - Retrying connect to {s}->https://spring.io:443
2018-09-19 19:53:52 [Worker-4587] INFO  jul - Retrying connect to {}->http://dist.springsource.com:80
2018-09-19 19:53:53 [Worker-4601] INFO  jul - I/O exception (java.net.SocketException) caught when connecting to {}->http://dist.springsource.com:80: Network is unreachable: connect
2018-09-19 19:53:53 [Worker-4600] INFO  jul - I/O exception (java.net.SocketException) caught when connecting to {s}->https://spring.io:443: Network is unreachable: connect
2018-09-19 19:53:53 [Worker-4601] INFO  jul - Retrying connect to {}->http://dist.springsource.com:80
2018-09-19 19:53:53 [Worker-4600] INFO  jul - Retrying connect to {s}->https://spring.io:443
2018-09-19 19:53:53 [Worker-4601] INFO  jul - I/O exception (java.net.SocketException) caught when connecting to {}->http://dist.springsource.com:80: Network is unreachable: connect
2018-09-19 19:53:53 [Worker-4600] INFO  jul - I/O exception (java.net.SocketException) caught when connecting to {s}->https://spring.io:443: Network is unreachable: connect
2018-09-19 19:53:53 [Worker-4601] INFO  jul - Retrying connect to {}->http://dist.springsource.com:80
2018-09-19 19:53:53 [Worker-4600] INFO  jul - Retrying connect to {s}->https://spring.io:443
2018-09-19 19:53:53 [Worker-4601] INFO  jul - I/O exception (java.net.SocketException) caught when connecting to {}->http://dist.springsource.com:80: Network is unreachable: connect
2018-09-19 19:53:53 [Worker-4600] INFO  jul - I/O exception (java.net.SocketException) caught when connecting to {s}->https://spring.io:443: Network is unreachable: connect
2018-09-19 19:53:53 [Worker-4601] INFO  jul - Retrying connect to {}->http://dist.springsource.com:80
2018-09-19 19:53:53 [Worker-4600] INFO  jul - Retrying connect to {s}->https://spring.io:443
2018-09-25 11:29:51 [Worker-8] INFO  jul - HibernatePlugin Started
2018-10-03 23:19:37 [Worker-34] INFO  jul - XNIO version 3.3.4.Final
2018-10-03 23:19:37 [Worker-34] INFO  jul - XNIO NIO Implementation Version 3.3.4.Final
2018-10-03 23:19:37 [Worker-34] INFO  jul - JBoss Remoting version 4.0.18.Final
2018-10-07 15:58:04 [Worker-28] INFO  jul - XNIO version 3.3.4.Final
2018-10-07 15:58:04 [Worker-31] INFO  jul - XNIO NIO Implementation Version 3.3.4.Final
2018-10-07 15:58:05 [Worker-28] INFO  jul - JBoss Remoting version 4.0.18.Final
2018-10-22 09:23:16 [Worker-30] INFO  jul - I/O exception (java.net.SocketException) caught when processing request to {}->http://oneclicklabs.io:80: Connection reset
2018-10-22 09:23:16 [Worker-30] INFO  jul - Retrying request to {}->http://oneclicklabs.io:80
2018-10-22 09:23:16 [Worker-30] INFO  jul - I/O exception (java.net.SocketException) caught when processing request to {}->http://oneclicklabs.io:80: Network is unreachable: connect
2018-10-22 09:23:16 [Worker-30] INFO  jul - Retrying request to {}->http://oneclicklabs.io:80
2018-10-22 09:23:16 [Worker-30] INFO  jul - I/O exception (java.net.SocketException) caught when processing request to {}->http://oneclicklabs.io:80: Network is unreachable: connect
2018-10-22 09:23:16 [Worker-30] INFO  jul - Retrying request to {}->http://oneclicklabs.io:80
2018-10-22 09:23:16 [Worker-29] INFO  jul - I/O exception (java.net.SocketException) caught when connecting to {}->http://oneclicklabs.io:80: Network is unreachable: connect
2018-10-22 09:23:16 [Worker-29] INFO  jul - Retrying connect to {}->http://oneclicklabs.io:80
2018-10-22 09:23:16 [Worker-29] INFO  jul - I/O exception (java.net.SocketException) caught when connecting to {}->http://oneclicklabs.io:80: Network is unreachable: connect
2018-10-22 09:23:16 [Worker-29] INFO  jul - Retrying connect to {}->http://oneclicklabs.io:80
2018-10-22 09:23:16 [Worker-29] INFO  jul - I/O exception (java.net.SocketException) caught when connecting to {}->http://oneclicklabs.io:80: Network is unreachable: connect
2018-10-22 09:23:16 [Worker-29] INFO  jul - Retrying connect to {}->http://oneclicklabs.io:80
2018-10-22 09:23:16 [Worker-31] INFO  jul - I/O exception (java.net.SocketException) caught when connecting to {}->http://oneclicklabs.io:80: Network is unreachable: connect
2018-10-22 09:23:16 [Worker-31] INFO  jul - Retrying connect to {}->http://oneclicklabs.io:80
2018-10-22 09:23:16 [Worker-31] INFO  jul - I/O exception (java.net.SocketException) caught when connecting to {}->http://oneclicklabs.io:80: Network is unreachable: connect
2018-10-22 09:23:16 [Worker-31] INFO  jul - Retrying connect to {}->http://oneclicklabs.io:80
2018-10-22 09:23:16 [Worker-31] INFO  jul - I/O exception (java.net.SocketException) caught when connecting to {}->http://oneclicklabs.io:80: Network is unreachable: connect
2018-10-22 09:23:16 [Worker-31] INFO  jul - Retrying connect to {}->http://oneclicklabs.io:80
2018-10-22 09:23:16 [Worker-29] INFO  jul - I/O exception (java.net.SocketException) caught when connecting to {}->http://oneclicklabs.io:80: Network is unreachable: connect
2018-10-22 09:23:16 [Worker-29] INFO  jul - Retrying connect to {}->http://oneclicklabs.io:80
2018-10-22 09:23:16 [Worker-29] INFO  jul - I/O exception (java.net.SocketException) caught when connecting to {}->http://oneclicklabs.io:80: Network is unreachable: connect
2018-10-22 09:23:16 [Worker-29] INFO  jul - Retrying connect to {}->http://oneclicklabs.io:80
2018-10-22 09:23:16 [Worker-29] INFO  jul - I/O exception (java.net.SocketException) caught when connecting to {}->http://oneclicklabs.io:80: Network is unreachable: connect
2018-10-22 09:23:16 [Worker-29] INFO  jul - Retrying connect to {}->http://oneclicklabs.io:80
2018-10-22 09:23:16 [Worker-31] INFO  jul - I/O exception (java.net.SocketException) caught when connecting to {}->http://oneclicklabs.io:80: Network is unreachable: connect
2018-10-22 09:23:16 [Worker-31] INFO  jul - Retrying connect to {}->http://oneclicklabs.io:80
2018-10-22 09:23:16 [Worker-31] INFO  jul - I/O exception (java.net.SocketException) caught when connecting to {}->http://oneclicklabs.io:80: Network is unreachable: connect
2018-10-22 09:23:16 [Worker-31] INFO  jul - Retrying connect to {}->http://oneclicklabs.io:80
2018-10-22 09:23:16 [Worker-31] INFO  jul - I/O exception (java.net.SocketException) caught when connecting to {}->http://oneclicklabs.io:80: Network is unreachable: connect
2018-10-22 09:23:16 [Worker-31] INFO  jul - Retrying connect to {}->http://oneclicklabs.io:80
2018-10-22 09:23:16 [Worker-29] INFO  jul - I/O exception (java.net.SocketException) caught when connecting to {}->http://oneclicklabs.io:80: Network is unreachable: connect
2018-10-22 09:23:16 [Worker-29] INFO  jul - Retrying connect to {}->http://oneclicklabs.io:80
2018-10-22 09:23:16 [Worker-29] INFO  jul - I/O exception (java.net.SocketException) caught when connecting to {}->http://oneclicklabs.io:80: Network is unreachable: connect
2018-10-22 09:23:16 [Worker-29] INFO  jul - Retrying connect to {}->http://oneclicklabs.io:80
2018-10-22 09:23:16 [Worker-29] INFO  jul - I/O exception (java.net.SocketException) caught when connecting to {}->http://oneclicklabs.io:80: Network is unreachable: connect
2018-10-22 09:23:16 [Worker-29] INFO  jul - Retrying connect to {}->http://oneclicklabs.io:80
2018-10-22 09:23:17 [Worker-4] INFO  jul - I/O exception (java.net.SocketException) caught when connecting to {}->http://oneclicklabs.io:80: Network is unreachable: connect
2018-10-22 09:23:17 [Worker-4] INFO  jul - Retrying connect to {}->http://oneclicklabs.io:80
2018-10-22 09:23:17 [Worker-4] INFO  jul - I/O exception (java.net.SocketException) caught when connecting to {}->http://oneclicklabs.io:80: Network is unreachable: connect
2018-10-22 09:23:17 [Worker-4] INFO  jul - Retrying connect to {}->http://oneclicklabs.io:80
2018-10-22 09:23:17 [Worker-4] INFO  jul - I/O exception (java.net.SocketException) caught when connecting to {}->http://oneclicklabs.io:80: Network is unreachable: connect
2018-10-22 09:23:17 [Worker-4] INFO  jul - Retrying connect to {}->http://oneclicklabs.io:80
2018-10-22 09:23:17 [Worker-29] INFO  jul - I/O exception (java.net.SocketException) caught when connecting to {}->http://oneclicklabs.io:80: Network is unreachable: connect
2018-10-22 09:23:17 [Worker-29] INFO  jul - Retrying connect to {}->http://oneclicklabs.io:80
2018-10-22 09:23:17 [Worker-29] INFO  jul - I/O exception (java.net.SocketException) caught when connecting to {}->http://oneclicklabs.io:80: Network is unreachable: connect
2018-10-22 09:23:17 [Worker-29] INFO  jul - Retrying connect to {}->http://oneclicklabs.io:80
2018-10-22 09:23:17 [Worker-29] INFO  jul - I/O exception (java.net.SocketException) caught when connecting to {}->http://oneclicklabs.io:80: Network is unreachable: connect
2018-10-22 09:23:17 [Worker-29] INFO  jul - Retrying connect to {}->http://oneclicklabs.io:80
2018-10-22 09:23:17 [Worker-30] INFO  jul - I/O exception (java.net.SocketException) caught when connecting to {}->http://oneclicklabs.io:80: Network is unreachable: connect
2018-10-22 09:23:17 [Worker-30] INFO  jul - Retrying connect to {}->http://oneclicklabs.io:80
2018-10-22 09:23:17 [Worker-30] INFO  jul - I/O exception (java.net.SocketException) caught when connecting to {}->http://oneclicklabs.io:80: Network is unreachable: connect
2018-10-22 09:23:17 [Worker-30] INFO  jul - Retrying connect to {}->http://oneclicklabs.io:80
2018-10-22 09:23:17 [Worker-30] INFO  jul - I/O exception (java.net.SocketException) caught when connecting to {}->http://oneclicklabs.io:80: Network is unreachable: connect
2018-10-22 09:23:17 [Worker-30] INFO  jul - Retrying connect to {}->http://oneclicklabs.io:80
2018-10-22 09:23:17 [Worker-32] INFO  jul - I/O exception (java.net.SocketException) caught when connecting to {}->http://oneclicklabs.io:80: Network is unreachable: connect
2018-10-22 09:23:17 [Worker-32] INFO  jul - Retrying connect to {}->http://oneclicklabs.io:80
2018-10-22 09:23:17 [Worker-32] INFO  jul - I/O exception (java.net.SocketException) caught when connecting to {}->http://oneclicklabs.io:80: Network is unreachable: connect
2018-10-22 09:23:17 [Worker-32] INFO  jul - Retrying connect to {}->http://oneclicklabs.io:80
2018-10-22 09:23:17 [Worker-32] INFO  jul - I/O exception (java.net.SocketException) caught when connecting to {}->http://oneclicklabs.io:80: Network is unreachable: connect
2018-10-22 09:23:17 [Worker-32] INFO  jul - Retrying connect to {}->http://oneclicklabs.io:80
2018-10-22 09:23:17 [Worker-30] INFO  jul - I/O exception (java.net.SocketException) caught when connecting to {}->http://oneclicklabs.io:80: Network is unreachable: connect
2018-10-22 09:23:17 [Worker-30] INFO  jul - Retrying connect to {}->http://oneclicklabs.io:80
2018-10-22 09:23:17 [Worker-30] INFO  jul - I/O exception (java.net.SocketException) caught when connecting to {}->http://oneclicklabs.io:80: Network is unreachable: connect
2018-10-22 09:23:17 [Worker-30] INFO  jul - Retrying connect to {}->http://oneclicklabs.io:80
2018-10-22 09:23:17 [Worker-30] INFO  jul - I/O exception (java.net.SocketException) caught when connecting to {}->http://oneclicklabs.io:80: Network is unreachable: connect
2018-10-22 09:23:17 [Worker-30] INFO  jul - Retrying connect to {}->http://oneclicklabs.io:80
2018-10-22 09:23:17 [Worker-32] INFO  jul - I/O exception (java.net.SocketException) caught when connecting to {}->http://oneclicklabs.io:80: Network is unreachable: connect
2018-10-22 09:23:17 [Worker-32] INFO  jul - Retrying connect to {}->http://oneclicklabs.io:80
2018-10-22 09:23:17 [Worker-32] INFO  jul - I/O exception (java.net.SocketException) caught when connecting to {}->http://oneclicklabs.io:80: Network is unreachable: connect
2018-10-22 09:23:17 [Worker-32] INFO  jul - Retrying connect to {}->http://oneclicklabs.io:80
2018-10-22 09:23:17 [Worker-32] INFO  jul - I/O exception (java.net.SocketException) caught when connecting to {}->http://oneclicklabs.io:80: Network is unreachable: connect
2018-10-22 09:23:17 [Worker-32] INFO  jul - Retrying connect to {}->http://oneclicklabs.io:80
2018-10-22 09:23:17 [Worker-30] INFO  jul - I/O exception (java.net.SocketException) caught when connecting to {}->http://oneclicklabs.io:80: Network is unreachable: connect
2018-10-22 09:23:17 [Worker-30] INFO  jul - Retrying connect to {}->http://oneclicklabs.io:80
2018-10-22 09:23:17 [Worker-30] INFO  jul - I/O exception (java.net.SocketException) caught when connecting to {}->http://oneclicklabs.io:80: Network is unreachable: connect
2018-10-22 09:23:17 [Worker-30] INFO  jul - Retrying connect to {}->http://oneclicklabs.io:80
2018-10-22 09:23:17 [Worker-30] INFO  jul - I/O exception (java.net.SocketException) caught when connecting to {}->http://oneclicklabs.io:80: Network is unreachable: connect
2018-10-22 09:23:17 [Worker-30] INFO  jul - Retrying connect to {}->http://oneclicklabs.io:80
2018-10-22 09:23:17 [Worker-4] INFO  jul - I/O exception (java.net.SocketException) caught when connecting to {}->http://oneclicklabs.io:80: Network is unreachable: connect
2018-10-22 09:23:17 [Worker-4] INFO  jul - Retrying connect to {}->http://oneclicklabs.io:80
2018-10-22 09:23:17 [Worker-4] INFO  jul - I/O exception (java.net.SocketException) caught when connecting to {}->http://oneclicklabs.io:80: Network is unreachable: connect
2018-10-22 09:23:17 [Worker-4] INFO  jul - Retrying connect to {}->http://oneclicklabs.io:80
2018-10-22 09:23:17 [Worker-4] INFO  jul - I/O exception (java.net.SocketException) caught when connecting to {}->http://oneclicklabs.io:80: Network is unreachable: connect
2018-10-22 09:23:17 [Worker-4] INFO  jul - Retrying connect to {}->http://oneclicklabs.io:80
2018-10-22 09:23:17 [Worker-29] INFO  jul - I/O exception (java.net.SocketException) caught when connecting to {}->http://oneclicklabs.io:80: Network is unreachable: connect
2018-10-22 09:23:17 [Worker-29] INFO  jul - Retrying connect to {}->http://oneclicklabs.io:80
2018-10-22 09:23:17 [Worker-29] INFO  jul - I/O exception (java.net.SocketException) caught when connecting to {}->http://oneclicklabs.io:80: Network is unreachable: connect
2018-10-22 09:23:17 [Worker-29] INFO  jul - Retrying connect to {}->http://oneclicklabs.io:80
2018-10-22 09:23:17 [Worker-29] INFO  jul - I/O exception (java.net.SocketException) caught when connecting to {}->http://oneclicklabs.io:80: Network is unreachable: connect
2018-10-22 09:23:17 [Worker-29] INFO  jul - Retrying connect to {}->http://oneclicklabs.io:80
2018-10-22 09:23:17 [Worker-31] INFO  jul - I/O exception (java.net.SocketException) caught when connecting to {}->http://oneclicklabs.io:80: Network is unreachable: connect
2018-10-22 09:23:17 [Worker-31] INFO  jul - Retrying connect to {}->http://oneclicklabs.io:80
2018-10-22 09:23:17 [Worker-31] INFO  jul - I/O exception (java.net.SocketException) caught when connecting to {}->http://oneclicklabs.io:80: Network is unreachable: connect
2018-10-22 09:23:17 [Worker-31] INFO  jul - Retrying connect to {}->http://oneclicklabs.io:80
2018-10-22 09:23:17 [Worker-31] INFO  jul - I/O exception (java.net.SocketException) caught when connecting to {}->http://oneclicklabs.io:80: Network is unreachable: connect
2018-10-22 09:23:17 [Worker-31] INFO  jul - Retrying connect to {}->http://oneclicklabs.io:80
2018-10-22 09:23:17 [Worker-32] INFO  jul - I/O exception (java.net.SocketException) caught when connecting to {}->http://oneclicklabs.io:80: Network is unreachable: connect
2018-10-22 09:23:17 [Worker-32] INFO  jul - Retrying connect to {}->http://oneclicklabs.io:80
2018-10-22 09:23:17 [Worker-32] INFO  jul - I/O exception (java.net.SocketException) caught when connecting to {}->http://oneclicklabs.io:80: Network is unreachable: connect
2018-10-22 09:23:17 [Worker-32] INFO  jul - Retrying connect to {}->http://oneclicklabs.io:80
2018-10-22 09:23:17 [Worker-32] INFO  jul - I/O exception (java.net.SocketException) caught when connecting to {}->http://oneclicklabs.io:80: Network is unreachable: connect
2018-10-22 09:23:17 [Worker-32] INFO  jul - Retrying connect to {}->http://oneclicklabs.io:80
2018-10-22 09:23:17 [Worker-30] INFO  jul - I/O exception (java.net.SocketException) caught when connecting to {}->http://oneclicklabs.io:80: Network is unreachable: connect
2018-10-22 09:23:17 [Worker-30] INFO  jul - Retrying connect to {}->http://oneclicklabs.io:80
2018-10-22 09:23:17 [Worker-30] INFO  jul - I/O exception (java.net.SocketException) caught when connecting to {}->http://oneclicklabs.io:80: Network is unreachable: connect
2018-10-22 09:23:17 [Worker-30] INFO  jul - Retrying connect to {}->http://oneclicklabs.io:80
2018-10-22 09:23:17 [Worker-30] INFO  jul - I/O exception (java.net.SocketException) caught when connecting to {}->http://oneclicklabs.io:80: Network is unreachable: connect
2018-10-22 09:23:17 [Worker-30] INFO  jul - Retrying connect to {}->http://oneclicklabs.io:80
2018-10-22 09:23:17 [Worker-4] INFO  jul - I/O exception (java.net.SocketException) caught when connecting to {}->http://oneclicklabs.io:80: Network is unreachable: connect
2018-10-22 09:23:17 [Worker-4] INFO  jul - Retrying connect to {}->http://oneclicklabs.io:80
2018-10-22 09:23:17 [Worker-4] INFO  jul - I/O exception (java.net.SocketException) caught when connecting to {}->http://oneclicklabs.io:80: Network is unreachable: connect
2018-10-22 09:23:17 [Worker-4] INFO  jul - Retrying connect to {}->http://oneclicklabs.io:80
2018-10-22 09:23:17 [Worker-4] INFO  jul - I/O exception (java.net.SocketException) caught when connecting to {}->http://oneclicklabs.io:80: Network is unreachable: connect
2018-10-22 09:23:17 [Worker-4] INFO  jul - Retrying connect to {}->http://oneclicklabs.io:80
2018-10-22 09:23:17 [Worker-30] INFO  jul - I/O exception (java.net.SocketException) caught when connecting to {}->http://oneclicklabs.io:80: Network is unreachable: connect
2018-10-22 09:23:17 [Worker-30] INFO  jul - Retrying connect to {}->http://oneclicklabs.io:80
2018-10-22 09:23:17 [Worker-30] INFO  jul - I/O exception (java.net.SocketException) caught when connecting to {}->http://oneclicklabs.io:80: Network is unreachable: connect
2018-10-22 09:23:17 [Worker-30] INFO  jul - Retrying connect to {}->http://oneclicklabs.io:80
2018-10-22 09:23:17 [Worker-30] INFO  jul - I/O exception (java.net.SocketException) caught when connecting to {}->http://oneclicklabs.io:80: Network is unreachable: connect
2018-10-22 09:23:17 [Worker-30] INFO  jul - Retrying connect to {}->http://oneclicklabs.io:80
2018-10-22 09:23:17 [Worker-31] INFO  jul - I/O exception (java.net.SocketException) caught when connecting to {}->http://oneclicklabs.io:80: Network is unreachable: connect
2018-10-22 09:23:17 [Worker-31] INFO  jul - Retrying connect to {}->http://oneclicklabs.io:80
2018-10-22 09:23:18 [Worker-31] INFO  jul - I/O exception (java.net.SocketException) caught when connecting to {}->http://oneclicklabs.io:80: Network is unreachable: connect
2018-10-22 09:23:18 [Worker-31] INFO  jul - Retrying connect to {}->http://oneclicklabs.io:80
2018-10-22 09:23:18 [Worker-31] INFO  jul - I/O exception (java.net.SocketException) caught when connecting to {}->http://oneclicklabs.io:80: Network is unreachable: connect
2018-10-22 09:23:18 [Worker-31] INFO  jul - Retrying connect to {}->http://oneclicklabs.io:80
2018-10-22 09:23:18 [Worker-32] INFO  jul - I/O exception (java.net.SocketException) caught when connecting to {}->http://oneclicklabs.io:80: Network is unreachable: connect
2018-10-22 09:23:18 [Worker-32] INFO  jul - Retrying connect to {}->http://oneclicklabs.io:80
2018-10-22 09:23:18 [Worker-32] INFO  jul - I/O exception (java.net.SocketException) caught when connecting to {}->http://oneclicklabs.io:80: Network is unreachable: connect
2018-10-22 09:23:18 [Worker-32] INFO  jul - Retrying connect to {}->http://oneclicklabs.io:80
2018-10-22 09:23:18 [Worker-32] INFO  jul - I/O exception (java.net.SocketException) caught when connecting to {}->http://oneclicklabs.io:80: Network is unreachable: connect
2018-10-22 09:23:18 [Worker-32] INFO  jul - Retrying connect to {}->http://oneclicklabs.io:80
2018-10-22 09:23:18 [Worker-29] INFO  jul - I/O exception (java.net.SocketException) caught when connecting to {}->http://oneclicklabs.io:80: Network is unreachable: connect
2018-10-22 09:23:18 [Worker-29] INFO  jul - Retrying connect to {}->http://oneclicklabs.io:80
2018-10-22 09:23:18 [Worker-29] INFO  jul - I/O exception (java.net.SocketException) caught when connecting to {}->http://oneclicklabs.io:80: Network is unreachable: connect
2018-10-22 09:23:18 [Worker-29] INFO  jul - Retrying connect to {}->http://oneclicklabs.io:80
2018-10-22 09:23:18 [Worker-29] INFO  jul - I/O exception (java.net.SocketException) caught when connecting to {}->http://oneclicklabs.io:80: Network is unreachable: connect
2018-10-22 09:23:18 [Worker-29] INFO  jul - Retrying connect to {}->http://oneclicklabs.io:80
2018-10-22 09:23:18 [Worker-4] INFO  jul - I/O exception (java.net.SocketException) caught when connecting to {}->http://oneclicklabs.io:80: Network is unreachable: connect
2018-10-22 09:23:18 [Worker-4] INFO  jul - Retrying connect to {}->http://oneclicklabs.io:80
2018-10-22 09:23:18 [Worker-4] INFO  jul - I/O exception (java.net.SocketException) caught when connecting to {}->http://oneclicklabs.io:80: Network is unreachable: connect
2018-10-22 09:23:18 [Worker-4] INFO  jul - Retrying connect to {}->http://oneclicklabs.io:80
2018-10-22 09:23:18 [Worker-4] INFO  jul - I/O exception (java.net.SocketException) caught when connecting to {}->http://oneclicklabs.io:80: Network is unreachable: connect
2018-10-22 09:23:18 [Worker-4] INFO  jul - Retrying connect to {}->http://oneclicklabs.io:80
2018-10-22 09:23:18 [Worker-30] INFO  jul - I/O exception (java.net.SocketException) caught when connecting to {}->http://oneclicklabs.io:80: Network is unreachable: connect
2018-10-22 09:23:18 [Worker-30] INFO  jul - Retrying connect to {}->http://oneclicklabs.io:80
2018-10-22 09:23:18 [Worker-30] INFO  jul - I/O exception (java.net.SocketException) caught when connecting to {}->http://oneclicklabs.io:80: Network is unreachable: connect
2018-10-22 09:23:18 [Worker-30] INFO  jul - Retrying connect to {}->http://oneclicklabs.io:80
2018-10-22 09:23:18 [Worker-30] INFO  jul - I/O exception (java.net.SocketException) caught when connecting to {}->http://oneclicklabs.io:80: Network is unreachable: connect
2018-10-22 09:23:18 [Worker-30] INFO  jul - Retrying connect to {}->http://oneclicklabs.io:80
2018-10-22 09:23:18 [Worker-31] INFO  jul - I/O exception (java.net.SocketException) caught when connecting to {}->http://oneclicklabs.io:80: Network is unreachable: connect
2018-10-22 09:23:18 [Worker-31] INFO  jul - Retrying connect to {}->http://oneclicklabs.io:80
2018-10-22 09:23:18 [Worker-31] INFO  jul - I/O exception (java.net.SocketException) caught when connecting to {}->http://oneclicklabs.io:80: Network is unreachable: connect
2018-10-22 09:23:18 [Worker-31] INFO  jul - Retrying connect to {}->http://oneclicklabs.io:80
2018-10-22 09:23:18 [Worker-31] INFO  jul - I/O exception (java.net.SocketException) caught when connecting to {}->http://oneclicklabs.io:80: Network is unreachable: connect
2018-10-22 09:23:18 [Worker-31] INFO  jul - Retrying connect to {}->http://oneclicklabs.io:80
2018-10-22 09:23:18 [Worker-32] INFO  jul - I/O exception (java.net.SocketException) caught when connecting to {}->http://oneclicklabs.io:80: Network is unreachable: connect
2018-10-22 09:23:18 [Worker-32] INFO  jul - Retrying connect to {}->http://oneclicklabs.io:80
2018-10-22 09:23:18 [Worker-32] INFO  jul - I/O exception (java.net.SocketException) caught when connecting to {}->http://oneclicklabs.io:80: Network is unreachable: connect
2018-10-22 09:23:18 [Worker-32] INFO  jul - Retrying connect to {}->http://oneclicklabs.io:80
2018-10-22 09:23:18 [Worker-32] INFO  jul - I/O exception (java.net.SocketException) caught when connecting to {}->http://oneclicklabs.io:80: Network is unreachable: connect
2018-10-22 09:23:18 [Worker-32] INFO  jul - Retrying connect to {}->http://oneclicklabs.io:80
2018-10-22 09:23:18 [Worker-31] INFO  jul - I/O exception (java.net.SocketException) caught when connecting to {}->http://oneclicklabs.io:80: Network is unreachable: connect
2018-10-22 09:23:18 [Worker-31] INFO  jul - Retrying connect to {}->http://oneclicklabs.io:80
2018-10-22 09:23:18 [Worker-31] INFO  jul - I/O exception (java.net.SocketException) caught when connecting to {}->http://oneclicklabs.io:80: Network is unreachable: connect
2018-10-22 09:23:18 [Worker-31] INFO  jul - Retrying connect to {}->http://oneclicklabs.io:80
2018-10-22 09:23:18 [Worker-31] INFO  jul - I/O exception (java.net.SocketException) caught when connecting to {}->http://oneclicklabs.io:80: Network is unreachable: connect
2018-10-22 09:23:18 [Worker-31] INFO  jul - Retrying connect to {}->http://oneclicklabs.io:80
2018-10-22 09:23:18 [Worker-4] INFO  jul - I/O exception (java.net.SocketException) caught when connecting to {}->http://oneclicklabs.io:80: Network is unreachable: connect
2018-10-22 09:23:18 [Worker-4] INFO  jul - Retrying connect to {}->http://oneclicklabs.io:80
2018-10-22 09:23:18 [Worker-4] INFO  jul - I/O exception (java.net.SocketException) caught when connecting to {}->http://oneclicklabs.io:80: Network is unreachable: connect
2018-10-22 09:23:18 [Worker-4] INFO  jul - Retrying connect to {}->http://oneclicklabs.io:80
2018-10-22 09:23:18 [Worker-4] INFO  jul - I/O exception (java.net.SocketException) caught when connecting to {}->http://oneclicklabs.io:80: Network is unreachable: connect
2018-10-22 09:23:18 [Worker-4] INFO  jul - Retrying connect to {}->http://oneclicklabs.io:80
2018-10-22 09:23:18 [Worker-30] INFO  jul - I/O exception (java.net.SocketException) caught when connecting to {}->http://oneclicklabs.io:80: Network is unreachable: connect
2018-10-22 09:23:18 [Worker-30] INFO  jul - Retrying connect to {}->http://oneclicklabs.io:80
2018-10-22 09:24:03 [Worker-30] INFO  jul - I/O exception (java.net.SocketException) caught when connecting to {}->http://oneclicklabs.io:80: Network is unreachable: connect
2018-10-22 09:24:03 [Worker-30] INFO  jul - Retrying connect to {}->http://oneclicklabs.io:80
2018-10-23 05:13:49 [Worker-165] INFO  jul - XNIO version 3.3.4.Final
2018-10-23 05:13:49 [Worker-165] INFO  jul - XNIO NIO Implementation Version 3.3.4.Final
2018-10-23 05:13:49 [Worker-165] INFO  jul - JBoss Remoting version 4.0.18.Final
2018-10-23 15:11:34 [Worker-253] INFO  jul - JBoss Remoting version 5.0.5.Final
2018-10-23 15:11:34 [Worker-253] INFO  jul - XNIO version 3.5.4.Final
2018-10-23 15:11:34 [Worker-253] INFO  jul - XNIO NIO Implementation Version 3.5.4.Final
2018-10-23 15:11:35 [Worker-246] INFO  jul - ELY00001: WildFly Elytron version 1.1.7.Final
2018-10-25 11:37:07 [Worker-22] INFO  jul - HibernatePlugin Started
2018-10-25 13:23:29 [Worker-43] INFO  jul - JBoss Remoting version 5.0.5.Final
2018-10-25 13:23:29 [Worker-43] INFO  jul - XNIO version 3.5.4.Final
2018-10-25 13:23:29 [Worker-43] INFO  jul - XNIO NIO Implementation Version 3.5.4.Final
2018-10-25 13:23:29 [Worker-43] INFO  jul - ELY00001: WildFly Elytron version 1.1.7.Final
2018-10-27 12:49:45 [main] INFO  jul - HHH000204: Processing PersistenceUnitInfo [
	name: ONIX-PU
	...]
2018-10-27 12:49:45 [main] INFO  jul - HHH000412: Hibernate Core {4.3.11.Final}
2018-10-27 12:49:45 [main] INFO  jul - HHH000206: hibernate.properties not found
2018-10-27 12:49:45 [main] INFO  jul - HHH000021: Bytecode provider name : javassist
2018-10-27 12:49:45 [main] INFO  jul - HCANN000001: Hibernate Commons Annotations {4.0.5.Final}
2018-11-01 16:33:55 [Worker-79] INFO  jul - JBoss Remoting version 5.0.5.Final
2018-11-01 16:33:55 [Worker-79] INFO  jul - XNIO version 3.5.4.Final
2018-11-01 16:33:55 [Worker-79] INFO  jul - XNIO NIO Implementation Version 3.5.4.Final
2018-11-01 16:33:56 [Worker-79] INFO  jul - ELY00001: WildFly Elytron version 1.1.7.Final
